###############################################################################
#                                                                             #
# IAR C/C++ Compiler V8.20.2.41139 for 8051             03/Apr/2014  10:45:45 #
# Copyright 2004-2013 IAR Systems AB.                                         #
#                                                                             #
#    Core               =  plain                                              #
#    Code model         =  banked                                             #
#    Data model         =  large                                              #
#    Calling convention =  xdata reentrant                                    #
#    Constant location  =  data                                               #
#    Dptr setup         =  1,16                                               #
#                                                                             #
#    Source file        =  D:\myWork\myWork\core\lib\checkpoint.c             #
#    Command line       =  D:\myWork\myWork\core\lib\checkpoint.c -D          #
#                          AUTOSTART_ENABLE -D PROJECT_CONF_H -lC             #
#                          D:\myWork\myWork\examples\wsn2530dk\myProject\coor #
#                          d\List\ -lA D:\myWork\myWork\examples\wsn2530dk\my #
#                          Project\coord\List\ --diag_suppress                #
#                          Pa050,Pa082,Pe550 --diag_warning Pe144 -o          #
#                          D:\myWork\myWork\examples\wsn2530dk\myProject\coor #
#                          d\Obj\ -e --no_cse --no_unroll --no_inline         #
#                          --no_code_motion --no_tbaa --debug --core=plain    #
#                          --dptr=16,1 --data_model=large                     #
#                          --code_model=banked --calling_convention=xdata_ree #
#                          ntrant --place_constants=data --nr_virtual_regs    #
#                          16 --preinclude D:\myWork\myWork\examples\wsn2530d #
#                          k\myProject\..\..\..\cpu\cc253x\cc253x.h -I        #
#                          D:\myWork\myWork\examples\wsn2530dk\myProject\..\. #
#                          .\..\cpu\cc253x\ -I D:\myWork\myWork\examples\wsn2 #
#                          530dk\myProject\..\..\..\platform\wsn2530dk\ -I    #
#                          D:\myWork\myWork\examples\wsn2530dk\myProject\..\. #
#                          .\..\core\ -I D:\myWork\myWork\examples\wsn2530dk\ #
#                          myProject\..\..\..\apps\ -I                        #
#                          D:\myWork\myWork\examples\wsn2530dk\myProject\ -Ol #
#    List file          =  D:\myWork\myWork\examples\wsn2530dk\myProject\coor #
#                          d\List\checkpoint.lst                              #
#    Object file        =  D:\myWork\myWork\examples\wsn2530dk\myProject\coor #
#                          d\Obj\checkpoint.r51                               #
#                                                                             #
#                                                                             #
###############################################################################

D:\myWork\myWork\core\lib\checkpoint.c
      1          /*
      2           * Copyright (c) 2009, Swedish Institute of Computer Science
      3           * All rights reserved.
      4           *
      5           * Redistribution and use in source and binary forms, with or without
      6           * modification, are permitted provided that the following conditions
      7           * are met:
      8           * 1. Redistributions of source code must retain the above copyright
      9           *    notice, this list of conditions and the following disclaimer.
     10           * 2. Redistributions in binary form must reproduce the above copyright
     11           *    notice, this list of conditions and the following disclaimer in the
     12           *    documentation and/or other materials provided with the distribution.
     13           * 3. Neither the name of the Institute nor the names of its contributors
     14           *    may be used to endorse or promote products derived from this software
     15           *    without specific prior written permission.
     16           *
     17           * THIS SOFTWARE IS PROVIDED BY THE INSTITUTE AND CONTRIBUTORS ``AS IS'' AND
     18           * ANY EXPRESS OR IMPLIED WARRANTIES, INCLUDING, BUT NOT LIMITED TO, THE
     19           * IMPLIED WARRANTIES OF MERCHANTABILITY AND FITNESS FOR A PARTICULAR PURPOSE
     20           * ARE DISCLAIMED.  IN NO EVENT SHALL THE INSTITUTE OR CONTRIBUTORS BE LIABLE
     21           * FOR ANY DIRECT, INDIRECT, INCIDENTAL, SPECIAL, EXEMPLARY, OR CONSEQUENTIAL
     22           * DAMAGES (INCLUDING, BUT NOT LIMITED TO, PROCUREMENT OF SUBSTITUTE GOODS
     23           * OR SERVICES; LOSS OF USE, DATA, OR PROFITS; OR BUSINESS INTERRUPTION)
     24           * HOWEVER CAUSED AND ON ANY THEORY OF LIABILITY, WHETHER IN CONTRACT, STRICT
     25           * LIABILITY, OR TORT (INCLUDING NEGLIGENCE OR OTHERWISE) ARISING IN ANY WAY
     26           * OUT OF THE USE OF THIS SOFTWARE, EVEN IF ADVISED OF THE POSSIBILITY OF
     27           * SUCH DAMAGE.
     28           *
     29           * This file is part of the Contiki operating system.
     30           *
     31           */
     32          
     33          /**
     34           * \file
     35           *  Checkpoint library.
     36           * \author
     37           *  Fredrik Osterlind <fros@sics.se>
     38           */
     39          
     40          #include "lib/checkpoint.h"
     41          
     42          /*---------------------------------------------------------------------------*/

   \                                 In  segment BANKED_CODE, align 1, keep-with-next
     43          void
     44          checkpoint_init(void)
   \                     checkpoint_init:
     45          {
   \   000000   C082         PUSH    DPL
   \   000002   C083         PUSH    DPH
   \   000004                ; Saved register size: 2
   \   000004                ; Auto size: 0
     46            checkpoint_arch_init();
   \   000004                ; Setup parameters for call to function checkpoint_arch_init
   \   000004   12....       LCALL   ??checkpoint_arch_init?relay
     47          }
   \   000007   D083         POP     DPH
   \   000009   D082         POP     DPL
   \   00000B   02....       LJMP    ?BRET
     48          /*---------------------------------------------------------------------------*/

   \                                 In  segment BANKED_CODE, align 1, keep-with-next
     49          void
     50          checkpoint_checkpoint(int fd)
   \                     checkpoint_checkpoint:
     51          {
   \   000000   C082         PUSH    DPL
   \   000002   C083         PUSH    DPH
   \   000004                ; Saved register size: 2
   \   000004                ; Auto size: 0
     52            checkpoint_arch_checkpoint(fd);
   \   000004                ; Setup parameters for call to function checkpoint_arch_checkpoint
   \   000004   12....       LCALL   ??checkpoint_arch_checkpoint?relay
     53          }
   \   000007   D083         POP     DPH
   \   000009   D082         POP     DPL
   \   00000B   02....       LJMP    ?BRET
     54          /*---------------------------------------------------------------------------*/

   \                                 In  segment BANKED_CODE, align 1, keep-with-next
     55          void
     56          checkpoint_rollback(int fd)
   \                     checkpoint_rollback:
     57          {
   \   000000   C082         PUSH    DPL
   \   000002   C083         PUSH    DPH
   \   000004                ; Saved register size: 2
   \   000004                ; Auto size: 0
     58            checkpoint_arch_rollback(fd);
   \   000004                ; Setup parameters for call to function checkpoint_arch_rollback
   \   000004   12....       LCALL   ??checkpoint_arch_rollback?relay
     59          }
   \   000007   D083         POP     DPH
   \   000009   D082         POP     DPL
   \   00000B   02....       LJMP    ?BRET

   \                                 In  segment BANK_RELAYS, align 1
   \                     ??checkpoint_init?relay:
   \   000000   12....       LCALL   ?BDISPATCH
   \   000003   ......       DC24    checkpoint_init

   \                                 In  segment BANK_RELAYS, align 1
   \                     ??checkpoint_checkpoint?relay:
   \   000000   12....       LCALL   ?BDISPATCH
   \   000003   ......       DC24    checkpoint_checkpoint

   \                                 In  segment BANK_RELAYS, align 1
   \                     ??checkpoint_rollback?relay:
   \   000000   12....       LCALL   ?BDISPATCH
   \   000003   ......       DC24    checkpoint_rollback

   Maximum stack usage in bytes:

   ISTACK PSTACK XSTACK Function
   ------ ------ ------ --------
       2      0      0  checkpoint_checkpoint
                          2 0 0 -> checkpoint_arch_checkpoint
       2      0      0  checkpoint_init
                          2 0 0 -> checkpoint_arch_init
       2      0      0  checkpoint_rollback
                          2 0 0 -> checkpoint_arch_rollback


   Segment part sizes:

   Bytes  Function/Label
   -----  --------------
       6  ??checkpoint_checkpoint?relay
       6  ??checkpoint_init?relay
       6  ??checkpoint_rollback?relay
      14  checkpoint_checkpoint
      14  checkpoint_init
      14  checkpoint_rollback

 
 42 bytes in segment BANKED_CODE
 18 bytes in segment BANK_RELAYS
 
 60 bytes of CODE memory

Errors: none
Warnings: none
