###############################################################################
#                                                                             #
# IAR C/C++ Compiler V8.20.2.41139 for 8051             03/Apr/2014  10:45:50 #
# Copyright 2004-2013 IAR Systems AB.                                         #
#                                                                             #
#    Core               =  plain                                              #
#    Code model         =  banked                                             #
#    Data model         =  large                                              #
#    Calling convention =  xdata reentrant                                    #
#    Constant location  =  data                                               #
#    Dptr setup         =  1,16                                               #
#                                                                             #
#    Source file        =  D:\myWork\myWork\platform\wsn2530dk\dev\smartrf-se #
#                          nsors.c                                            #
#    Command line       =  D:\myWork\myWork\platform\wsn2530dk\dev\smartrf-se #
#                          nsors.c -D AUTOSTART_ENABLE -D PROJECT_CONF_H -lC  #
#                          D:\myWork\myWork\examples\wsn2530dk\myProject\coor #
#                          d\List\ -lA D:\myWork\myWork\examples\wsn2530dk\my #
#                          Project\coord\List\ --diag_suppress                #
#                          Pa050,Pa082,Pe550 --diag_warning Pe144 -o          #
#                          D:\myWork\myWork\examples\wsn2530dk\myProject\coor #
#                          d\Obj\ -e --no_cse --no_unroll --no_inline         #
#                          --no_code_motion --no_tbaa --debug --core=plain    #
#                          --dptr=16,1 --data_model=large                     #
#                          --code_model=banked --calling_convention=xdata_ree #
#                          ntrant --place_constants=data --nr_virtual_regs    #
#                          16 --preinclude D:\myWork\myWork\examples\wsn2530d #
#                          k\myProject\..\..\..\cpu\cc253x\cc253x.h -I        #
#                          D:\myWork\myWork\examples\wsn2530dk\myProject\..\. #
#                          .\..\cpu\cc253x\ -I D:\myWork\myWork\examples\wsn2 #
#                          530dk\myProject\..\..\..\platform\wsn2530dk\ -I    #
#                          D:\myWork\myWork\examples\wsn2530dk\myProject\..\. #
#                          .\..\core\ -I D:\myWork\myWork\examples\wsn2530dk\ #
#                          myProject\..\..\..\apps\ -I                        #
#                          D:\myWork\myWork\examples\wsn2530dk\myProject\ -Ol #
#    List file          =  D:\myWork\myWork\examples\wsn2530dk\myProject\coor #
#                          d\List\smartrf-sensors.lst                         #
#    Object file        =  D:\myWork\myWork\examples\wsn2530dk\myProject\coor #
#                          d\Obj\smartrf-sensors.r51                          #
#                                                                             #
#                                                                             #
###############################################################################

D:\myWork\myWork\platform\wsn2530dk\dev\smartrf-sensors.c
      1          /*
      2           * Copyright (c) 2011, George Oikonomou - <oikonomou@users.sourceforge.net>
      3           * All rights reserved.
      4           *
      5           * Redistribution and use in source and binary forms, with or without
      6           * modification, are permitted provided that the following conditions
      7           * are met:
      8           * 1. Redistributions of source code must retain the above copyright
      9           *    notice, this list of conditions and the following disclaimer.
     10           * 2. Redistributions in binary form must reproduce the above copyright
     11           *    notice, this list of conditions and the following disclaimer in the
     12           *    documentation and/or other materials provided with the distribution.
     13           * 3. Neither the name of the Institute nor the names of its contributors
     14           *    may be used to endorse or promote products derived from this software
     15           *    without specific prior written permission.
     16           *
     17           * THIS SOFTWARE IS PROVIDED BY THE INSTITUTE AND CONTRIBUTORS ``AS IS'' AND
     18           * ANY EXPRESS OR IMPLIED WARRANTIES, INCLUDING, BUT NOT LIMITED TO, THE
     19           * IMPLIED WARRANTIES OF MERCHANTABILITY AND FITNESS FOR A PARTICULAR PURPOSE
     20           * ARE DISCLAIMED.  IN NO EVENT SHALL THE INSTITUTE OR CONTRIBUTORS BE LIABLE
     21           * FOR ANY DIRECT, INDIRECT, INCIDENTAL, SPECIAL, EXEMPLARY, OR CONSEQUENTIAL
     22           * DAMAGES (INCLUDING, BUT NOT LIMITED TO, PROCUREMENT OF SUBSTITUTE GOODS
     23           * OR SERVICES; LOSS OF USE, DATA, OR PROFITS; OR BUSINESS INTERRUPTION)
     24           * HOWEVER CAUSED AND ON ANY THEORY OF LIABILITY, WHETHER IN CONTRACT, STRICT
     25           * LIABILITY, OR TORT (INCLUDING NEGLIGENCE OR OTHERWISE) ARISING IN ANY WAY
     26           * OUT OF THE USE OF THIS SOFTWARE, EVEN IF ADVISED OF THE POSSIBILITY OF
     27           * SUCH DAMAGE.
     28           *
     29           * This file is part of the Contiki operating system.
     30           */
     31          
     32          /**
     33           * \file
     34           *         Data structures for SmartRF05EB sensing elements
     35           *
     36           * \author
     37           *         George Oikonomou - <oikonomou@users.sourceforge.net>
     38           */
     39          
     40          #include "dev/button-sensor.h"
     41          #include "dev/adc-sensor.h"
     42          #include "sys/energest.h"
     43          

   \                                 In  segment XDATA_I, align 1, keep-with-next
     44          const struct sensors_sensor *sensors[] = {
   \                     sensors:
   \   000000                DS 4
   \   000004                REQUIRE `?<Initializer for sensors>`
   \   000004                REQUIRE __INIT_XDATA_I
     45          #if ADC_SENSOR_ON
     46            &adc_sensor,
     47          #endif
     48          #if BUTTON_SENSOR_ON
     49            &button_1_sensor,
     50          #if MODELS_CONF_CC2531_USB_STICK
     51            &button_2_sensor,
     52          #endif
     53          #endif
     54            0
     55          };
     56          

   \                                 In  segment XDATA_Z, align 1, keep-with-next
     57          unsigned char sensors_flags[(sizeof(sensors) / sizeof(struct sensors_sensor *))];
   \                     sensors_flags:
   \   000000                DS 2
   \   000002                REQUIRE __INIT_XDATA_Z

   \                                 In  segment XDATA_ID, align 1, keep-with-next
   \                     `?<Initializer for sensors>`:
   \   000000   ....         DW adc_sensor
   \   000002   0000         DW 0H


   Segment part sizes:

   Bytes  Function/Label
   -----  --------------
       4  ?<Initializer for sensors>
       4  sensors
       2  sensors_flags

 
 4 bytes in segment XDATA_I
 4 bytes in segment XDATA_ID
 2 bytes in segment XDATA_Z
 
 4 bytes of CODE  memory
 6 bytes of XDATA memory

Errors: none
Warnings: none
