###############################################################################
#                                                                             #
# IAR C/C++ Compiler V8.20.2.41139 for 8051             03/Apr/2014  10:45:51 #
# Copyright 2004-2013 IAR Systems AB.                                         #
#                                                                             #
#    Core               =  plain                                              #
#    Code model         =  banked                                             #
#    Data model         =  large                                              #
#    Calling convention =  xdata reentrant                                    #
#    Constant location  =  data                                               #
#    Dptr setup         =  1,16                                               #
#                                                                             #
#    Source file        =  D:\myWork\myWork\cpu\cc253x\soc.c                  #
#    Command line       =  D:\myWork\myWork\cpu\cc253x\soc.c -D               #
#                          AUTOSTART_ENABLE -D PROJECT_CONF_H -lC             #
#                          D:\myWork\myWork\examples\wsn2530dk\myProject\coor #
#                          d\List\ -lA D:\myWork\myWork\examples\wsn2530dk\my #
#                          Project\coord\List\ --diag_suppress                #
#                          Pa050,Pa082,Pe550 --diag_warning Pe144 -o          #
#                          D:\myWork\myWork\examples\wsn2530dk\myProject\coor #
#                          d\Obj\ -e --no_cse --no_unroll --no_inline         #
#                          --no_code_motion --no_tbaa --debug --core=plain    #
#                          --dptr=16,1 --data_model=large                     #
#                          --code_model=banked --calling_convention=xdata_ree #
#                          ntrant --place_constants=data --nr_virtual_regs    #
#                          16 --preinclude D:\myWork\myWork\examples\wsn2530d #
#                          k\myProject\..\..\..\cpu\cc253x\cc253x.h -I        #
#                          D:\myWork\myWork\examples\wsn2530dk\myProject\..\. #
#                          .\..\cpu\cc253x\ -I D:\myWork\myWork\examples\wsn2 #
#                          530dk\myProject\..\..\..\platform\wsn2530dk\ -I    #
#                          D:\myWork\myWork\examples\wsn2530dk\myProject\..\. #
#                          .\..\core\ -I D:\myWork\myWork\examples\wsn2530dk\ #
#                          myProject\..\..\..\apps\ -I                        #
#                          D:\myWork\myWork\examples\wsn2530dk\myProject\ -Ol #
#    List file          =  D:\myWork\myWork\examples\wsn2530dk\myProject\coor #
#                          d\List\soc.lst                                     #
#    Object file        =  D:\myWork\myWork\examples\wsn2530dk\myProject\coor #
#                          d\Obj\soc.r51                                      #
#                                                                             #
#                                                                             #
###############################################################################


   \                                 In  segment SFR_AN, at 0xa8
   \   union <unnamed> volatile __sfr _A_IEN0
   \                     _A_IEN0:
   \   000000                DS 1
D:\myWork\myWork\cpu\cc253x\soc.c
      1          /*
      2           * Copyright (c) 2011, George Oikonomou - <oikonomou@users.sourceforge.net>
      3           * All rights reserved.
      4           *
      5           * Redistribution and use in source and binary forms, with or without
      6           * modification, are permitted provided that the following conditions
      7           * are met:
      8           * 1. Redistributions of source code must retain the above copyright
      9           *    notice, this list of conditions and the following disclaimer.
     10           * 2. Redistributions in binary form must reproduce the above copyright
     11           *    notice, this list of conditions and the following disclaimer in the
     12           *    documentation and/or other materials provided with the distribution.
     13           * 3. Neither the name of the Institute nor the names of its contributors
     14           *    may be used to endorse or promote products derived from this software
     15           *    without specific prior written permission.
     16           *
     17           * THIS SOFTWARE IS PROVIDED BY THE INSTITUTE AND CONTRIBUTORS ``AS IS'' AND
     18           * ANY EXPRESS OR IMPLIED WARRANTIES, INCLUDING, BUT NOT LIMITED TO, THE
     19           * IMPLIED WARRANTIES OF MERCHANTABILITY AND FITNESS FOR A PARTICULAR PURPOSE
     20           * ARE DISCLAIMED.  IN NO EVENT SHALL THE INSTITUTE OR CONTRIBUTORS BE LIABLE
     21           * FOR ANY DIRECT, INDIRECT, INCIDENTAL, SPECIAL, EXEMPLARY, OR CONSEQUENTIAL
     22           * DAMAGES (INCLUDING, BUT NOT LIMITED TO, PROCUREMENT OF SUBSTITUTE GOODS
     23           * OR SERVICES; LOSS OF USE, DATA, OR PROFITS; OR BUSINESS INTERRUPTION)
     24           * HOWEVER CAUSED AND ON ANY THEORY OF LIABILITY, WHETHER IN CONTRACT, STRICT
     25           * LIABILITY, OR TORT (INCLUDING NEGLIGENCE OR OTHERWISE) ARISING IN ANY WAY
     26           * OUT OF THE USE OF THIS SOFTWARE, EVEN IF ADVISED OF THE POSSIBILITY OF
     27           * SUCH DAMAGE.
     28           *
     29           * This file is part of the Contiki operating system.
     30           */
     31          
     32          /**
     33           * \file
     34           *         Init routine for the cc2530 SoC
     35           *
     36           *         Bankable
     37           *
     38           * \author
     39           *         George Oikonomou - <oikonomou@users.sourceforge.net>
     40           */
     41          #include "cc253x.h"
     42          #include "8051def.h"
     43          #include "sfr-bits.h"
     44          

   \                                 In  segment BANKED_CODE, align 1, keep-with-next
     45          void
     46          soc_init()
   \                     soc_init:
     47          {
   \   000000   C082         PUSH    DPL
   \   000002   C083         PUSH    DPH
   \   000004                ; Saved register size: 2
   \   000004                ; Auto size: 0
     48            /* Flash: Cache with Pre-fetch */
     49            FCTL = FCTL_CM0;
   \   000004   906270       MOV     DPTR,#0x6270
   \   000007   7404         MOV     A,#0x4
   \   000009   F0           MOVX    @DPTR,A
     50          
     51            /* Enable Global Interrupt */
     52            ENABLE_INTERRUPTS();
   \   00000A   D2AF         SETB    0xa8.7
     53          }
   \   00000C   D083         POP     DPH
   \   00000E   D082         POP     DPL
   \   000010   02....       LJMP    ?BRET
   \   000013                REQUIRE _A_IEN0

   \                                 In  segment BANK_RELAYS, align 1
   \                     ??soc_init?relay:
   \   000000   12....       LCALL   ?BDISPATCH
   \   000003   ......       DC24    soc_init

   Maximum stack usage in bytes:

   ISTACK PSTACK XSTACK Function
   ------ ------ ------ --------
       2      0      0  soc_init


   Segment part sizes:

   Bytes  Function/Label
   -----  --------------
       6  ??soc_init?relay
       1  _A_IEN0
      19  soc_init

 
 19 bytes in segment BANKED_CODE
  6 bytes in segment BANK_RELAYS
  1 byte  in segment SFR_AN
 
 25 bytes of CODE memory
  0 bytes of DATA memory (+ 1 byte shared)

Errors: none
Warnings: none
